----------

Sun Aug 30 2020 08:41:47 GMT-0500 (Central Daylight Time)

fatal: could not read Username for 'https://github.com': Device not configured


----------

Sun Aug 30 2020 08:43:51 GMT-0500 (Central Daylight Time)

fatal: could not read Username for 'https://github.com': Device not configured


----------

Sun Aug 30 2020 09:16:39 GMT-0500 (Central Daylight Time)

fatal: could not read Username for 'https://github.com': Device not configured


----------

Sun Aug 30 2020 09:20:07 GMT-0500 (Central Daylight Time)

fatal: could not read Username for 'https://github.com': Device not configured


----------

Sun Aug 30 2020 09:29:53 GMT-0500 (Central Daylight Time)

fatal: could not read Username for 'https://github.com': Device not configured


----------

Sun Aug 30 2020 09:31:37 GMT-0500 (Central Daylight Time)

fatal: could not read Username for 'https://github.com': Device not configured


----------

Sun Aug 30 2020 11:01:52 GMT-0500 (Central Daylight Time)

fatal: could not read Username for 'https://github.com': Device not configured


----------

Sun Aug 30 2020 11:06:15 GMT-0500 (Central Daylight Time)

fatal: could not read Username for 'https://github.com': Device not configured


----------

Fri Sep 11 2020 02:59:50 GMT-0500 (Central Daylight Time)

fatal: could not read Username for 'https://github.com': Device not configured


----------

Fri Sep 11 2020 03:00:56 GMT-0500 (Central Daylight Time)

fatal: could not read Username for 'https://github.com': Device not configured


----------

Fri Sep 11 2020 03:01:00 GMT-0500 (Central Daylight Time)

fatal: could not read Username for 'https://github.com': Device not configured


----------

Fri Sep 18 2020 03:40:21 GMT-0500 (Central Daylight Time)

fatal: could not read Username for 'https://github.com': Device not configured


----------

Fri Sep 18 2020 07:01:06 GMT-0500 (Central Daylight Time)

fatal: could not read Username for 'https://github.com': Device not configured


----------

Fri Sep 18 2020 07:02:09 GMT-0500 (Central Daylight Time)

fatal: could not read Username for 'https://github.com': Device not configured


----------

Fri Sep 18 2020 07:06:42 GMT-0500 (Central Daylight Time)

fatal: could not read Username for 'https://github.com': Device not configured


----------

Fri Sep 18 2020 09:42:01 GMT-0500 (Central Daylight Time)

fatal: could not read Username for 'https://github.com': Device not configured


----------

Wed Apr 28 2021 12:30:44 GMT-0500 (Central Daylight Time)

fatal: could not read Username for 'https://github.com': Device not configured


----------

Wed Apr 28 2021 12:32:19 GMT-0500 (Central Daylight Time)

fatal: could not read Username for 'https://github.com': Device not configured


----------

Wed Apr 28 2021 12:35:47 GMT-0500 (Central Daylight Time)

fatal: could not read Username for 'https://github.com': Device not configured


----------

Wed Apr 28 2021 12:35:47 GMT-0500 (Central Daylight Time)

fatal: could not read Username for 'https://github.com': Device not configured


